[01-Oct-2018 19:57:01 UTC] PHP Parse error:  syntax error, unexpected ')' in /home/ubuntu/workspace/cst336/practice/p4/index.php on line 6
[08-Oct-2018 19:42:39 UTC] PHP Fatal error:  Function name must be a string in /home/ubuntu/workspace/cst336/practice/p5/index.php on line 2
[08-Oct-2018 19:42:39 UTC] PHP Stack trace:
[08-Oct-2018 19:42:39 UTC] PHP   1. {main}() /home/ubuntu/workspace/cst336/practice/p5/index.php:0
[08-Oct-2018 19:53:10 UTC] PHP Parse error:  syntax error, unexpected end of file in /home/ubuntu/workspace/cst336/practice/p5/index.php on line 63
[08-Oct-2018 20:10:15 UTC] PHP Parse error:  syntax error, unexpected ')', expecting ';' in /home/ubuntu/workspace/cst336/practice/p5/index.php on line 8
[08-Oct-2018 20:10:59 UTC] PHP Parse error:  syntax error, unexpected ')', expecting ';' in /home/ubuntu/workspace/cst336/practice/p5/index.php on line 8
[08-Oct-2018 20:28:29 UTC] PHP Parse error:  syntax error, unexpected '<' in /home/ubuntu/workspace/cst336/practice/p5/index.php on line 3
[08-Oct-2018 20:31:48 UTC] PHP Warning:  rand() expects exactly 2 parameters, 1 given in /home/ubuntu/workspace/cst336/practice/p5/index.php on line 49
[08-Oct-2018 20:31:48 UTC] PHP Stack trace:
[08-Oct-2018 20:31:48 UTC] PHP   1. {main}() /home/ubuntu/workspace/cst336/practice/p5/index.php:0
[08-Oct-2018 20:31:48 UTC] PHP   2. rand() /home/ubuntu/workspace/cst336/practice/p5/index.php:49
[08-Oct-2018 20:31:48 UTC] PHP Warning:  rand() expects exactly 2 parameters, 1 given in /home/ubuntu/workspace/cst336/practice/p5/index.php on line 49
[08-Oct-2018 20:31:48 UTC] PHP Stack trace:
[08-Oct-2018 20:31:48 UTC] PHP   1. {main}() /home/ubuntu/workspace/cst336/practice/p5/index.php:0
[08-Oct-2018 20:31:48 UTC] PHP   2. rand() /home/ubuntu/workspace/cst336/practice/p5/index.php:49
[08-Oct-2018 20:31:48 UTC] PHP Warning:  rand() expects exactly 2 parameters, 1 given in /home/ubuntu/workspace/cst336/practice/p5/index.php on line 49
[08-Oct-2018 20:31:48 UTC] PHP Stack trace:
[08-Oct-2018 20:31:48 UTC] PHP   1. {main}() /home/ubuntu/workspace/cst336/practice/p5/index.php:0
[08-Oct-2018 20:31:48 UTC] PHP   2. rand() /home/ubuntu/workspace/cst336/practice/p5/index.php:49
[08-Oct-2018 20:31:48 UTC] PHP Warning:  rand() expects exactly 2 parameters, 1 given in /home/ubuntu/workspace/cst336/practice/p5/index.php on line 49
[08-Oct-2018 20:31:48 UTC] PHP Stack trace:
[08-Oct-2018 20:31:48 UTC] PHP   1. {main}() /home/ubuntu/workspace/cst336/practice/p5/index.php:0
[08-Oct-2018 20:31:48 UTC] PHP   2. rand() /home/ubuntu/workspace/cst336/practice/p5/index.php:49
[08-Oct-2018 20:31:48 UTC] PHP Warning:  rand() expects exactly 2 parameters, 1 given in /home/ubuntu/workspace/cst336/practice/p5/index.php on line 49
[08-Oct-2018 20:31:48 UTC] PHP Stack trace:
[08-Oct-2018 20:31:48 UTC] PHP   1. {main}() /home/ubuntu/workspace/cst336/practice/p5/index.php:0
[08-Oct-2018 20:31:48 UTC] PHP   2. rand() /home/ubuntu/workspace/cst336/practice/p5/index.php:49
[08-Oct-2018 20:31:55 UTC] PHP Warning:  rand() expects exactly 2 parameters, 1 given in /home/ubuntu/workspace/cst336/practice/p5/index.php on line 49
[08-Oct-2018 20:31:55 UTC] PHP Stack trace:
[08-Oct-2018 20:31:55 UTC] PHP   1. {main}() /home/ubuntu/workspace/cst336/practice/p5/index.php:0
[08-Oct-2018 20:31:55 UTC] PHP   2. rand() /home/ubuntu/workspace/cst336/practice/p5/index.php:49
[08-Oct-2018 20:31:55 UTC] PHP Warning:  rand() expects exactly 2 parameters, 1 given in /home/ubuntu/workspace/cst336/practice/p5/index.php on line 49
[08-Oct-2018 20:31:55 UTC] PHP Stack trace:
[08-Oct-2018 20:31:55 UTC] PHP   1. {main}() /home/ubuntu/workspace/cst336/practice/p5/index.php:0
[08-Oct-2018 20:31:55 UTC] PHP   2. rand() /home/ubuntu/workspace/cst336/practice/p5/index.php:49
[08-Oct-2018 20:31:55 UTC] PHP Warning:  rand() expects exactly 2 parameters, 1 given in /home/ubuntu/workspace/cst336/practice/p5/index.php on line 49
[08-Oct-2018 20:31:55 UTC] PHP Stack trace:
[08-Oct-2018 20:31:55 UTC] PHP   1. {main}() /home/ubuntu/workspace/cst336/practice/p5/index.php:0
[08-Oct-2018 20:31:55 UTC] PHP   2. rand() /home/ubuntu/workspace/cst336/practice/p5/index.php:49
[08-Oct-2018 20:31:55 UTC] PHP Warning:  rand() expects exactly 2 parameters, 1 given in /home/ubuntu/workspace/cst336/practice/p5/index.php on line 49
[08-Oct-2018 20:31:55 UTC] PHP Stack trace:
[08-Oct-2018 20:31:55 UTC] PHP   1. {main}() /home/ubuntu/workspace/cst336/practice/p5/index.php:0
[08-Oct-2018 20:31:55 UTC] PHP   2. rand() /home/ubuntu/workspace/cst336/practice/p5/index.php:49
[08-Oct-2018 20:31:55 UTC] PHP Warning:  rand() expects exactly 2 parameters, 1 given in /home/ubuntu/workspace/cst336/practice/p5/index.php on line 49
[08-Oct-2018 20:31:55 UTC] PHP Stack trace:
[08-Oct-2018 20:31:55 UTC] PHP   1. {main}() /home/ubuntu/workspace/cst336/practice/p5/index.php:0
[08-Oct-2018 20:31:55 UTC] PHP   2. rand() /home/ubuntu/workspace/cst336/practice/p5/index.php:49
[08-Oct-2018 21:45:03 UTC] PHP Parse error:  syntax error, unexpected ')' in /home/ubuntu/workspace/cst336/practice/zodiac/index.php on line 8
[08-Oct-2018 22:07:28 UTC] PHP Parse error:  syntax error, unexpected '$zodiac_counter' (T_VARIABLE) in /home/ubuntu/workspace/cst336/practice/zodiac/index.php on line 10
[08-Oct-2018 22:07:50 UTC] PHP Parse error:  syntax error, unexpected '$zodiac_counter' (T_VARIABLE) in /home/ubuntu/workspace/cst336/practice/zodiac/index.php on line 10
[08-Oct-2018 22:07:56 UTC] PHP Parse error:  syntax error, unexpected '$zodiac_counter' (T_VARIABLE) in /home/ubuntu/workspace/cst336/practice/zodiac/index.php on line 10
[08-Oct-2018 22:08:18 UTC] PHP Parse error:  syntax error, unexpected '$zodiac_counter' (T_VARIABLE) in /home/ubuntu/workspace/cst336/practice/zodiac/index.php on line 10
[15-Oct-2018 20:25:16 UTC] PHP Parse error:  syntax error, unexpected end of file in /home/ubuntu/workspace/cst336/practice/midterm/index.php on line 66
[22-Oct-2018 19:10:45 UTC] PHP Parse error:  syntax error, unexpected ')' in /home/ubuntu/workspace/cst336/practice/midterm/index.php on line 31
[22-Oct-2018 19:11:05 UTC] PHP Fatal error:  Call to undefined function formIsValid() in /home/ubuntu/workspace/cst336/practice/midterm/index.php on line 79
[22-Oct-2018 19:11:05 UTC] PHP Stack trace:
[22-Oct-2018 19:11:05 UTC] PHP   1. {main}() /home/ubuntu/workspace/cst336/practice/midterm/index.php:0
[22-Oct-2018 19:12:33 UTC] PHP Fatal error:  Call to undefined function formIsValid() in /home/ubuntu/workspace/cst336/practice/midterm/index.php on line 76
[22-Oct-2018 19:12:33 UTC] PHP Stack trace:
[22-Oct-2018 19:12:33 UTC] PHP   1. {main}() /home/ubuntu/workspace/cst336/practice/midterm/index.php:0
[22-Oct-2018 19:15:48 UTC] PHP Fatal error:  Call to undefined function formIsValid() in /home/ubuntu/workspace/cst336/practice/midterm/index.php on line 77
[22-Oct-2018 19:15:48 UTC] PHP Stack trace:
[22-Oct-2018 19:15:48 UTC] PHP   1. {main}() /home/ubuntu/workspace/cst336/practice/midterm/index.php:0
[22-Oct-2018 19:34:33 UTC] PHP Parse error:  syntax error, unexpected '}', expecting ',' or ';' in /home/ubuntu/workspace/cst336/practice/midterm/index.php on line 7
[22-Oct-2018 20:15:45 UTC] PHP Parse error:  syntax error, unexpected 'echo' (T_ECHO) in /home/ubuntu/workspace/cst336/practice/midterm/index.php on line 42
[22-Oct-2018 20:16:33 UTC] PHP Parse error:  syntax error, unexpected 'echo' (T_ECHO) in /home/ubuntu/workspace/cst336/practice/midterm/index.php on line 42
[22-Oct-2018 20:20:28 UTC] PHP Parse error:  syntax error, unexpected 'echo' (T_ECHO) in /home/ubuntu/workspace/cst336/practice/midterm/index.php on line 50
[22-Oct-2018 20:22:44 UTC] PHP Parse error:  syntax error, unexpected 'echo' (T_ECHO) in /home/ubuntu/workspace/cst336/practice/midterm/index.php on line 50
[22-Oct-2018 20:24:01 UTC] PHP Parse error:  syntax error, unexpected 'echo' (T_ECHO) in /home/ubuntu/workspace/cst336/practice/midterm/index.php on line 50
[22-Oct-2018 20:24:44 UTC] PHP Parse error:  syntax error, unexpected 'echo' (T_ECHO) in /home/ubuntu/workspace/cst336/practice/midterm/index.php on line 50
[23-Oct-2018 21:16:00 UTC] PHP Fatal error:  Call to undefined function generateTable() in /home/ubuntu/workspace/cst336/practice/midterm/index.php on line 68
[23-Oct-2018 21:16:00 UTC] PHP Stack trace:
[23-Oct-2018 21:16:00 UTC] PHP   1. {main}() /home/ubuntu/workspace/cst336/practice/midterm/index.php:0
[24-Oct-2018 00:59:51 UTC] PHP Fatal error:  Call to undefined method PDOStatement::fetch_assoc() in /home/ubuntu/workspace/cst336/practice/midterm/midterm_practice2.php on line 20
[24-Oct-2018 00:59:51 UTC] PHP Stack trace:
[24-Oct-2018 00:59:51 UTC] PHP   1. {main}() /home/ubuntu/workspace/cst336/practice/midterm/midterm_practice2.php:0
[24-Oct-2018 01:13:28 UTC] PHP Fatal error:  Call to a member function prepare() on a non-object in /home/ubuntu/workspace/cst336/practice/midterm/midterm_practice2.php on line 17
[24-Oct-2018 01:13:28 UTC] PHP Stack trace:
[24-Oct-2018 01:13:28 UTC] PHP   1. {main}() /home/ubuntu/workspace/cst336/practice/midterm/midterm_practice2.php:0
[24-Oct-2018 01:13:28 UTC] PHP   2. displayBetween() /home/ubuntu/workspace/cst336/practice/midterm/midterm_practice2.php:36
[24-Oct-2018 01:15:27 UTC] PHP Fatal error:  Call to a member function prepare() on a non-object in /home/ubuntu/workspace/cst336/practice/midterm/midterm_practice2.php on line 17
[24-Oct-2018 01:15:27 UTC] PHP Stack trace:
[24-Oct-2018 01:15:27 UTC] PHP   1. {main}() /home/ubuntu/workspace/cst336/practice/midterm/midterm_practice2.php:0
[24-Oct-2018 01:15:27 UTC] PHP   2. displayBetween() /home/ubuntu/workspace/cst336/practice/midterm/midterm_practice2.php:38
[24-Oct-2018 01:15:28 UTC] PHP Fatal error:  Call to a member function prepare() on a non-object in /home/ubuntu/workspace/cst336/practice/midterm/midterm_practice2.php on line 17
[24-Oct-2018 01:15:28 UTC] PHP Stack trace:
[24-Oct-2018 01:15:28 UTC] PHP   1. {main}() /home/ubuntu/workspace/cst336/practice/midterm/midterm_practice2.php:0
[24-Oct-2018 01:15:28 UTC] PHP   2. displayBetween() /home/ubuntu/workspace/cst336/practice/midterm/midterm_practice2.php:38
[24-Oct-2018 02:19:07 UTC] PHP Fatal error:  Uncaught exception 'PDOException' with message 'SQLSTATE[42000]: Syntax error or access violation: 1064 You have an error in your SQL syntax; check the manual that corresponds to your MySQL server version for the right syntax to use near ''mp_town' WHERE 1' at line 1' in /home/ubuntu/workspace/cst336/practice/midterm/midterm_practice2.php:35
Stack trace:
#0 /home/ubuntu/workspace/cst336/practice/midterm/midterm_practice2.php(35): PDOStatement->execute()
#1 /home/ubuntu/workspace/cst336/practice/midterm/midterm_practice2.php(74): displayMaxMinPop()
#2 {main}
  thrown in /home/ubuntu/workspace/cst336/practice/midterm/midterm_practice2.php on line 35
[24-Oct-2018 03:54:32 UTC] PHP Fatal error:  Call to undefined method PDO::fetchAll() in /home/ubuntu/workspace/cst336/practice/midterm/midterm_practice2.php on line 131
[24-Oct-2018 03:54:32 UTC] PHP Stack trace:
[24-Oct-2018 03:54:32 UTC] PHP   1. {main}() /home/ubuntu/workspace/cst336/practice/midterm/midterm_practice2.php:0
[24-Oct-2018 03:54:32 UTC] PHP   2. countiesWithNoTown() /home/ubuntu/workspace/cst336/practice/midterm/midterm_practice2.php:166
