[07-Dec-2018 01:41:07 UTC] PHP Fatal error:  Uncaught exception 'PDOException' with message 'SQLSTATE[42000]: Syntax error or access violation: 1064 You have an error in your SQL syntax; check the manual that corresponds to your MySQL server version for the right syntax to use near '' at line 2' in /home/ubuntu/workspace/cst336/projects/witchMart/api/getProductInfo.php:9
Stack trace:
#0 /home/ubuntu/workspace/cst336/projects/witchMart/api/getProductInfo.php(9): PDOStatement->execute()
#1 {main}
  thrown in /home/ubuntu/workspace/cst336/projects/witchMart/api/getProductInfo.php on line 9
[07-Dec-2018 01:41:39 UTC] PHP Fatal error:  Uncaught exception 'PDOException' with message 'SQLSTATE[42000]: Syntax error or access violation: 1064 You have an error in your SQL syntax; check the manual that corresponds to your MySQL server version for the right syntax to use near '' at line 2' in /home/ubuntu/workspace/cst336/projects/witchMart/api/getProductInfo.php:9
Stack trace:
#0 /home/ubuntu/workspace/cst336/projects/witchMart/api/getProductInfo.php(9): PDOStatement->execute()
#1 {main}
  thrown in /home/ubuntu/workspace/cst336/projects/witchMart/api/getProductInfo.php on line 9
[07-Dec-2018 01:42:04 UTC] PHP Fatal error:  Uncaught exception 'PDOException' with message 'SQLSTATE[42000]: Syntax error or access violation: 1064 You have an error in your SQL syntax; check the manual that corresponds to your MySQL server version for the right syntax to use near '' at line 2' in /home/ubuntu/workspace/cst336/projects/witchMart/api/getProductInfo.php:9
Stack trace:
#0 /home/ubuntu/workspace/cst336/projects/witchMart/api/getProductInfo.php(9): PDOStatement->execute()
#1 {main}
  thrown in /home/ubuntu/workspace/cst336/projects/witchMart/api/getProductInfo.php on line 9
[07-Dec-2018 01:42:32 UTC] PHP Fatal error:  Uncaught exception 'PDOException' with message 'SQLSTATE[42000]: Syntax error or access violation: 1064 You have an error in your SQL syntax; check the manual that corresponds to your MySQL server version for the right syntax to use near '' at line 2' in /home/ubuntu/workspace/cst336/projects/witchMart/api/getProductInfo.php:9
Stack trace:
#0 /home/ubuntu/workspace/cst336/projects/witchMart/api/getProductInfo.php(9): PDOStatement->execute()
#1 {main}
  thrown in /home/ubuntu/workspace/cst336/projects/witchMart/api/getProductInfo.php on line 9
[07-Dec-2018 01:43:56 UTC] PHP Fatal error:  Uncaught exception 'PDOException' with message 'SQLSTATE[42S22]: Column not found: 1054 Unknown column 'id' in 'where clause'' in /home/ubuntu/workspace/cst336/projects/witchMart/api/getProductInfo.php:9
Stack trace:
#0 /home/ubuntu/workspace/cst336/projects/witchMart/api/getProductInfo.php(9): PDOStatement->execute()
#1 {main}
  thrown in /home/ubuntu/workspace/cst336/projects/witchMart/api/getProductInfo.php on line 9
[07-Dec-2018 01:44:43 UTC] PHP Fatal error:  Uncaught exception 'PDOException' with message 'SQLSTATE[42000]: Syntax error or access violation: 1064 You have an error in your SQL syntax; check the manual that corresponds to your MySQL server version for the right syntax to use near '' at line 2' in /home/ubuntu/workspace/cst336/projects/witchMart/api/getProductInfo.php:9
Stack trace:
#0 /home/ubuntu/workspace/cst336/projects/witchMart/api/getProductInfo.php(9): PDOStatement->execute()
#1 {main}
  thrown in /home/ubuntu/workspace/cst336/projects/witchMart/api/getProductInfo.php on line 9
[07-Dec-2018 01:45:23 UTC] PHP Fatal error:  Uncaught exception 'PDOException' with message 'SQLSTATE[42000]: Syntax error or access violation: 1064 You have an error in your SQL syntax; check the manual that corresponds to your MySQL server version for the right syntax to use near '' at line 2' in /home/ubuntu/workspace/cst336/projects/witchMart/api/getProductInfo.php:9
Stack trace:
#0 /home/ubuntu/workspace/cst336/projects/witchMart/api/getProductInfo.php(9): PDOStatement->execute()
#1 {main}
  thrown in /home/ubuntu/workspace/cst336/projects/witchMart/api/getProductInfo.php on line 9
[07-Dec-2018 01:51:04 UTC] PHP Fatal error:  Uncaught exception 'PDOException' with message 'SQLSTATE[42000]: Syntax error or access violation: 1064 You have an error in your SQL syntax; check the manual that corresponds to your MySQL server version for the right syntax to use near '' at line 1' in /home/ubuntu/workspace/cst336/projects/witchMart/api/getProductInfo.php:8
Stack trace:
#0 /home/ubuntu/workspace/cst336/projects/witchMart/api/getProductInfo.php(8): PDOStatement->execute()
#1 {main}
  thrown in /home/ubuntu/workspace/cst336/projects/witchMart/api/getProductInfo.php on line 8
[07-Dec-2018 02:44:28 UTC] PHP Fatal error:  Uncaught exception 'PDOException' with message 'SQLSTATE[42000]: Syntax error or access violation: 1064 You have an error in your SQL syntax; check the manual that corresponds to your MySQL server version for the right syntax to use near '' at line 1' in /home/ubuntu/workspace/cst336/projects/witchMart/api/getProductInfo.php:8
Stack trace:
#0 /home/ubuntu/workspace/cst336/projects/witchMart/api/getProductInfo.php(8): PDOStatement->execute()
#1 {main}
  thrown in /home/ubuntu/workspace/cst336/projects/witchMart/api/getProductInfo.php on line 8
[07-Dec-2018 02:44:28 UTC] PHP Fatal error:  Uncaught exception 'PDOException' with message 'SQLSTATE[42000]: Syntax error or access violation: 1064 You have an error in your SQL syntax; check the manual that corresponds to your MySQL server version for the right syntax to use near '' at line 1' in /home/ubuntu/workspace/cst336/projects/witchMart/api/getProductInfo.php:8
Stack trace:
#0 /home/ubuntu/workspace/cst336/projects/witchMart/api/getProductInfo.php(8): PDOStatement->execute()
#1 {main}
  thrown in /home/ubuntu/workspace/cst336/projects/witchMart/api/getProductInfo.php on line 8
[07-Dec-2018 02:44:29 UTC] PHP Fatal error:  Uncaught exception 'PDOException' with message 'SQLSTATE[42000]: Syntax error or access violation: 1064 You have an error in your SQL syntax; check the manual that corresponds to your MySQL server version for the right syntax to use near '' at line 1' in /home/ubuntu/workspace/cst336/projects/witchMart/api/getProductInfo.php:8
Stack trace:
#0 /home/ubuntu/workspace/cst336/projects/witchMart/api/getProductInfo.php(8): PDOStatement->execute()
#1 {main}
  thrown in /home/ubuntu/workspace/cst336/projects/witchMart/api/getProductInfo.php on line 8
[07-Dec-2018 02:44:29 UTC] PHP Fatal error:  Uncaught exception 'PDOException' with message 'SQLSTATE[42000]: Syntax error or access violation: 1064 You have an error in your SQL syntax; check the manual that corresponds to your MySQL server version for the right syntax to use near '' at line 1' in /home/ubuntu/workspace/cst336/projects/witchMart/api/getProductInfo.php:8
Stack trace:
#0 /home/ubuntu/workspace/cst336/projects/witchMart/api/getProductInfo.php(8): PDOStatement->execute()
#1 {main}
  thrown in /home/ubuntu/workspace/cst336/projects/witchMart/api/getProductInfo.php on line 8
[07-Dec-2018 02:45:52 UTC] PHP Fatal error:  Uncaught exception 'PDOException' with message 'SQLSTATE[42000]: Syntax error or access violation: 1064 You have an error in your SQL syntax; check the manual that corresponds to your MySQL server version for the right syntax to use near '' at line 1' in /home/ubuntu/workspace/cst336/projects/witchMart/api/getProductInfo.php:8
Stack trace:
#0 /home/ubuntu/workspace/cst336/projects/witchMart/api/getProductInfo.php(8): PDOStatement->execute()
#1 {main}
  thrown in /home/ubuntu/workspace/cst336/projects/witchMart/api/getProductInfo.php on line 8
[07-Dec-2018 02:45:52 UTC] PHP Fatal error:  Uncaught exception 'PDOException' with message 'SQLSTATE[42000]: Syntax error or access violation: 1064 You have an error in your SQL syntax; check the manual that corresponds to your MySQL server version for the right syntax to use near '' at line 1' in /home/ubuntu/workspace/cst336/projects/witchMart/api/getProductInfo.php:8
Stack trace:
#0 /home/ubuntu/workspace/cst336/projects/witchMart/api/getProductInfo.php(8): PDOStatement->execute()
#1 {main}
  thrown in /home/ubuntu/workspace/cst336/projects/witchMart/api/getProductInfo.php on line 8
[07-Dec-2018 02:45:53 UTC] PHP Fatal error:  Uncaught exception 'PDOException' with message 'SQLSTATE[42000]: Syntax error or access violation: 1064 You have an error in your SQL syntax; check the manual that corresponds to your MySQL server version for the right syntax to use near '' at line 1' in /home/ubuntu/workspace/cst336/projects/witchMart/api/getProductInfo.php:8
Stack trace:
#0 /home/ubuntu/workspace/cst336/projects/witchMart/api/getProductInfo.php(8): PDOStatement->execute()
#1 {main}
  thrown in /home/ubuntu/workspace/cst336/projects/witchMart/api/getProductInfo.php on line 8
[07-Dec-2018 02:45:53 UTC] PHP Fatal error:  Uncaught exception 'PDOException' with message 'SQLSTATE[42000]: Syntax error or access violation: 1064 You have an error in your SQL syntax; check the manual that corresponds to your MySQL server version for the right syntax to use near '' at line 1' in /home/ubuntu/workspace/cst336/projects/witchMart/api/getProductInfo.php:8
Stack trace:
#0 /home/ubuntu/workspace/cst336/projects/witchMart/api/getProductInfo.php(8): PDOStatement->execute()
#1 {main}
  thrown in /home/ubuntu/workspace/cst336/projects/witchMart/api/getProductInfo.php on line 8
[07-Dec-2018 02:45:54 UTC] PHP Fatal error:  Uncaught exception 'PDOException' with message 'SQLSTATE[42000]: Syntax error or access violation: 1064 You have an error in your SQL syntax; check the manual that corresponds to your MySQL server version for the right syntax to use near '' at line 1' in /home/ubuntu/workspace/cst336/projects/witchMart/api/getProductInfo.php:8
Stack trace:
#0 /home/ubuntu/workspace/cst336/projects/witchMart/api/getProductInfo.php(8): PDOStatement->execute()
#1 {main}
  thrown in /home/ubuntu/workspace/cst336/projects/witchMart/api/getProductInfo.php on line 8
[07-Dec-2018 02:58:52 UTC] PHP Fatal error:  Uncaught exception 'PDOException' with message 'SQLSTATE[42000]: Syntax error or access violation: 1064 You have an error in your SQL syntax; check the manual that corresponds to your MySQL server version for the right syntax to use near '' at line 1' in /home/ubuntu/workspace/cst336/projects/witchMart/api/getProductInfo.php:8
Stack trace:
#0 /home/ubuntu/workspace/cst336/projects/witchMart/api/getProductInfo.php(8): PDOStatement->execute()
#1 {main}
  thrown in /home/ubuntu/workspace/cst336/projects/witchMart/api/getProductInfo.php on line 8
[07-Dec-2018 04:44:03 UTC] PHP Fatal error:  Uncaught exception 'PDOException' with message 'SQLSTATE[42000]: Syntax error or access violation: 1064 You have an error in your SQL syntax; check the manual that corresponds to your MySQL server version for the right syntax to use near '' at line 1' in /home/ubuntu/workspace/cst336/projects/witchMart/api/getProductInfo.php:8
Stack trace:
#0 /home/ubuntu/workspace/cst336/projects/witchMart/api/getProductInfo.php(8): PDOStatement->execute()
#1 {main}
  thrown in /home/ubuntu/workspace/cst336/projects/witchMart/api/getProductInfo.php on line 8
[07-Dec-2018 04:44:19 UTC] PHP Fatal error:  Uncaught exception 'PDOException' with message 'SQLSTATE[42000]: Syntax error or access violation: 1064 You have an error in your SQL syntax; check the manual that corresponds to your MySQL server version for the right syntax to use near '' at line 1' in /home/ubuntu/workspace/cst336/projects/witchMart/api/getProductInfo.php:8
Stack trace:
#0 /home/ubuntu/workspace/cst336/projects/witchMart/api/getProductInfo.php(8): PDOStatement->execute()
#1 {main}
  thrown in /home/ubuntu/workspace/cst336/projects/witchMart/api/getProductInfo.php on line 8
[07-Dec-2018 04:45:23 UTC] PHP Fatal error:  Uncaught exception 'PDOException' with message 'SQLSTATE[42000]: Syntax error or access violation: 1064 You have an error in your SQL syntax; check the manual that corresponds to your MySQL server version for the right syntax to use near '' at line 1' in /home/ubuntu/workspace/cst336/projects/witchMart/api/getProductInfo.php:8
Stack trace:
#0 /home/ubuntu/workspace/cst336/projects/witchMart/api/getProductInfo.php(8): PDOStatement->execute()
#1 {main}
  thrown in /home/ubuntu/workspace/cst336/projects/witchMart/api/getProductInfo.php on line 8
[07-Dec-2018 05:49:15 UTC] PHP Fatal error:  Uncaught exception 'PDOException' with message 'SQLSTATE[42000]: Syntax error or access violation: 1065 Query was empty' in /home/ubuntu/workspace/cst336/projects/witchMart/api/reportApi.php:23
Stack trace:
#0 /home/ubuntu/workspace/cst336/projects/witchMart/api/reportApi.php(23): PDOStatement->execute()
#1 {main}
  thrown in /home/ubuntu/workspace/cst336/projects/witchMart/api/reportApi.php on line 23
[07-Dec-2018 05:49:28 UTC] PHP Fatal error:  Uncaught exception 'PDOException' with message 'SQLSTATE[42000]: Syntax error or access violation: 1065 Query was empty' in /home/ubuntu/workspace/cst336/projects/witchMart/api/reportApi.php:23
Stack trace:
#0 /home/ubuntu/workspace/cst336/projects/witchMart/api/reportApi.php(23): PDOStatement->execute()
#1 {main}
  thrown in /home/ubuntu/workspace/cst336/projects/witchMart/api/reportApi.php on line 23
[07-Dec-2018 05:50:12 UTC] PHP Fatal error:  Uncaught exception 'PDOException' with message 'SQLSTATE[42000]: Syntax error or access violation: 1065 Query was empty' in /home/ubuntu/workspace/cst336/projects/witchMart/api/reportApi.php:23
Stack trace:
#0 /home/ubuntu/workspace/cst336/projects/witchMart/api/reportApi.php(23): PDOStatement->execute()
#1 {main}
  thrown in /home/ubuntu/workspace/cst336/projects/witchMart/api/reportApi.php on line 23
[09-Dec-2018 08:20:18 UTC] PHP Fatal error:  Uncaught exception 'PDOException' with message 'SQLSTATE[42000]: Syntax error or access violation: 1064 You have an error in your SQL syntax; check the manual that corresponds to your MySQL server version for the right syntax to use near 'FROM wm_product' at line 3' in /home/ubuntu/workspace/cst336/projects/witchMart/api/reportApi.php:23
Stack trace:
#0 /home/ubuntu/workspace/cst336/projects/witchMart/api/reportApi.php(23): PDOStatement->execute()
#1 {main}
  thrown in /home/ubuntu/workspace/cst336/projects/witchMart/api/reportApi.php on line 23
[09-Dec-2018 08:20:19 UTC] PHP Fatal error:  Uncaught exception 'PDOException' with message 'SQLSTATE[42000]: Syntax error or access violation: 1064 You have an error in your SQL syntax; check the manual that corresponds to your MySQL server version for the right syntax to use near 'FROM wm_product' at line 3' in /home/ubuntu/workspace/cst336/projects/witchMart/api/reportApi.php:23
Stack trace:
#0 /home/ubuntu/workspace/cst336/projects/witchMart/api/reportApi.php(23): PDOStatement->execute()
#1 {main}
  thrown in /home/ubuntu/workspace/cst336/projects/witchMart/api/reportApi.php on line 23
[09-Dec-2018 08:20:21 UTC] PHP Fatal error:  Uncaught exception 'PDOException' with message 'SQLSTATE[42000]: Syntax error or access violation: 1064 You have an error in your SQL syntax; check the manual that corresponds to your MySQL server version for the right syntax to use near 'FROM wm_product' at line 3' in /home/ubuntu/workspace/cst336/projects/witchMart/api/reportApi.php:23
Stack trace:
#0 /home/ubuntu/workspace/cst336/projects/witchMart/api/reportApi.php(23): PDOStatement->execute()
#1 {main}
  thrown in /home/ubuntu/workspace/cst336/projects/witchMart/api/reportApi.php on line 23
[09-Dec-2018 08:20:21 UTC] PHP Fatal error:  Uncaught exception 'PDOException' with message 'SQLSTATE[42000]: Syntax error or access violation: 1064 You have an error in your SQL syntax; check the manual that corresponds to your MySQL server version for the right syntax to use near 'FROM wm_product' at line 3' in /home/ubuntu/workspace/cst336/projects/witchMart/api/reportApi.php:23
Stack trace:
#0 /home/ubuntu/workspace/cst336/projects/witchMart/api/reportApi.php(23): PDOStatement->execute()
#1 {main}
  thrown in /home/ubuntu/workspace/cst336/projects/witchMart/api/reportApi.php on line 23
[09-Dec-2018 08:20:22 UTC] PHP Fatal error:  Uncaught exception 'PDOException' with message 'SQLSTATE[42000]: Syntax error or access violation: 1064 You have an error in your SQL syntax; check the manual that corresponds to your MySQL server version for the right syntax to use near 'FROM wm_product' at line 3' in /home/ubuntu/workspace/cst336/projects/witchMart/api/reportApi.php:23
Stack trace:
#0 /home/ubuntu/workspace/cst336/projects/witchMart/api/reportApi.php(23): PDOStatement->execute()
#1 {main}
  thrown in /home/ubuntu/workspace/cst336/projects/witchMart/api/reportApi.php on line 23
[09-Dec-2018 08:20:22 UTC] PHP Fatal error:  Uncaught exception 'PDOException' with message 'SQLSTATE[42000]: Syntax error or access violation: 1064 You have an error in your SQL syntax; check the manual that corresponds to your MySQL server version for the right syntax to use near 'FROM wm_product' at line 3' in /home/ubuntu/workspace/cst336/projects/witchMart/api/reportApi.php:23
Stack trace:
#0 /home/ubuntu/workspace/cst336/projects/witchMart/api/reportApi.php(23): PDOStatement->execute()
#1 {main}
  thrown in /home/ubuntu/workspace/cst336/projects/witchMart/api/reportApi.php on line 23
[09-Dec-2018 08:20:24 UTC] PHP Fatal error:  Uncaught exception 'PDOException' with message 'SQLSTATE[42000]: Syntax error or access violation: 1064 You have an error in your SQL syntax; check the manual that corresponds to your MySQL server version for the right syntax to use near 'FROM wm_product' at line 3' in /home/ubuntu/workspace/cst336/projects/witchMart/api/reportApi.php:23
Stack trace:
#0 /home/ubuntu/workspace/cst336/projects/witchMart/api/reportApi.php(23): PDOStatement->execute()
#1 {main}
  thrown in /home/ubuntu/workspace/cst336/projects/witchMart/api/reportApi.php on line 23
[09-Dec-2018 08:39:48 UTC] PHP Fatal error:  Uncaught exception 'PDOException' with message 'SQLSTATE[42000]: Syntax error or access violation: 1064 You have an error in your SQL syntax; check the manual that corresponds to your MySQL server version for the right syntax to use near 'FROM wm_product' at line 2' in /home/ubuntu/workspace/cst336/projects/witchMart/api/reportApi.php:22
Stack trace:
#0 /home/ubuntu/workspace/cst336/projects/witchMart/api/reportApi.php(22): PDOStatement->execute()
#1 {main}
  thrown in /home/ubuntu/workspace/cst336/projects/witchMart/api/reportApi.php on line 22
[09-Dec-2018 08:39:51 UTC] PHP Fatal error:  Uncaught exception 'PDOException' with message 'SQLSTATE[42000]: Syntax error or access violation: 1064 You have an error in your SQL syntax; check the manual that corresponds to your MySQL server version for the right syntax to use near 'FROM wm_product' at line 2' in /home/ubuntu/workspace/cst336/projects/witchMart/api/reportApi.php:22
Stack trace:
#0 /home/ubuntu/workspace/cst336/projects/witchMart/api/reportApi.php(22): PDOStatement->execute()
#1 {main}
  thrown in /home/ubuntu/workspace/cst336/projects/witchMart/api/reportApi.php on line 22
[09-Dec-2018 08:40:01 UTC] PHP Fatal error:  Uncaught exception 'PDOException' with message 'SQLSTATE[42000]: Syntax error or access violation: 1064 You have an error in your SQL syntax; check the manual that corresponds to your MySQL server version for the right syntax to use near 'FROM wm_product' at line 2' in /home/ubuntu/workspace/cst336/projects/witchMart/api/reportApi.php:22
Stack trace:
#0 /home/ubuntu/workspace/cst336/projects/witchMart/api/reportApi.php(22): PDOStatement->execute()
#1 {main}
  thrown in /home/ubuntu/workspace/cst336/projects/witchMart/api/reportApi.php on line 22
