[03-Dec-2018 23:21:32 UTC] PHP Warning:  include(../../inc/dbConnection.php): failed to open stream: No such file or directory in /home/ubuntu/workspace/cst336/labs/lab10/api/getPetInfo.php on line 2
[03-Dec-2018 23:21:32 UTC] PHP Stack trace:
[03-Dec-2018 23:21:32 UTC] PHP   1. {main}() /home/ubuntu/workspace/cst336/labs/lab10/api/getPetInfo.php:0
[03-Dec-2018 23:21:32 UTC] PHP Warning:  include(): Failed opening '../../inc/dbConnection.php' for inclusion (include_path='.:/usr/share/php:/usr/share/pear') in /home/ubuntu/workspace/cst336/labs/lab10/api/getPetInfo.php on line 2
[03-Dec-2018 23:21:32 UTC] PHP Stack trace:
[03-Dec-2018 23:21:32 UTC] PHP   1. {main}() /home/ubuntu/workspace/cst336/labs/lab10/api/getPetInfo.php:0
[03-Dec-2018 23:21:32 UTC] PHP Fatal error:  Call to undefined function startConnection() in /home/ubuntu/workspace/cst336/labs/lab10/api/getPetInfo.php on line 3
[03-Dec-2018 23:21:32 UTC] PHP Stack trace:
[03-Dec-2018 23:21:32 UTC] PHP   1. {main}() /home/ubuntu/workspace/cst336/labs/lab10/api/getPetInfo.php:0
[03-Dec-2018 23:21:44 UTC] PHP Warning:  include(../../inc/dbConnection.php): failed to open stream: No such file or directory in /home/ubuntu/workspace/cst336/labs/lab10/api/getPetInfo.php on line 2
[03-Dec-2018 23:21:44 UTC] PHP Stack trace:
[03-Dec-2018 23:21:44 UTC] PHP   1. {main}() /home/ubuntu/workspace/cst336/labs/lab10/api/getPetInfo.php:0
[03-Dec-2018 23:21:44 UTC] PHP Warning:  include(): Failed opening '../../inc/dbConnection.php' for inclusion (include_path='.:/usr/share/php:/usr/share/pear') in /home/ubuntu/workspace/cst336/labs/lab10/api/getPetInfo.php on line 2
[03-Dec-2018 23:21:44 UTC] PHP Stack trace:
[03-Dec-2018 23:21:44 UTC] PHP   1. {main}() /home/ubuntu/workspace/cst336/labs/lab10/api/getPetInfo.php:0
[03-Dec-2018 23:21:44 UTC] PHP Fatal error:  Call to undefined function startConnection() in /home/ubuntu/workspace/cst336/labs/lab10/api/getPetInfo.php on line 3
[03-Dec-2018 23:21:44 UTC] PHP Stack trace:
[03-Dec-2018 23:21:44 UTC] PHP   1. {main}() /home/ubuntu/workspace/cst336/labs/lab10/api/getPetInfo.php:0
[03-Dec-2018 23:21:55 UTC] PHP Warning:  print_r() expects at least 1 parameter, 0 given in /home/ubuntu/workspace/cst336/labs/lab10/api/getPetInfo.php on line 11
[03-Dec-2018 23:21:55 UTC] PHP Stack trace:
[03-Dec-2018 23:21:55 UTC] PHP   1. {main}() /home/ubuntu/workspace/cst336/labs/lab10/api/getPetInfo.php:0
[03-Dec-2018 23:21:55 UTC] PHP   2. print_r() /home/ubuntu/workspace/cst336/labs/lab10/api/getPetInfo.php:11
[03-Dec-2018 23:22:37 UTC] PHP Fatal error:  Uncaught exception 'PDOException' with message 'SQLSTATE[42000]: Syntax error or access violation: 1064 You have an error in your SQL syntax; check the manual that corresponds to your MySQL server version for the right syntax to use near '' at line 1' in /home/ubuntu/workspace/cst336/labs/lab10/api/getPetInfo.php:8
Stack trace:
#0 /home/ubuntu/workspace/cst336/labs/lab10/api/getPetInfo.php(8): PDOStatement->execute()
#1 {main}
  thrown in /home/ubuntu/workspace/cst336/labs/lab10/api/getPetInfo.php on line 8
[03-Dec-2018 23:23:45 UTC] PHP Fatal error:  Uncaught exception 'PDOException' with message 'SQLSTATE[42000]: Syntax error or access violation: 1064 You have an error in your SQL syntax; check the manual that corresponds to your MySQL server version for the right syntax to use near '' at line 1' in /home/ubuntu/workspace/cst336/labs/lab10/api/getPetInfo.php:8
Stack trace:
#0 /home/ubuntu/workspace/cst336/labs/lab10/api/getPetInfo.php(8): PDOStatement->execute()
#1 {main}
  thrown in /home/ubuntu/workspace/cst336/labs/lab10/api/getPetInfo.php on line 8
[03-Dec-2018 23:24:26 UTC] PHP Fatal error:  Uncaught exception 'PDOException' with message 'SQLSTATE[42000]: Syntax error or access violation: 1064 You have an error in your SQL syntax; check the manual that corresponds to your MySQL server version for the right syntax to use near '' at line 1' in /home/ubuntu/workspace/cst336/labs/lab10/api/getPetInfo.php:8
Stack trace:
#0 /home/ubuntu/workspace/cst336/labs/lab10/api/getPetInfo.php(8): PDOStatement->execute()
#1 {main}
  thrown in /home/ubuntu/workspace/cst336/labs/lab10/api/getPetInfo.php on line 8
[03-Dec-2018 23:24:40 UTC] PHP Fatal error:  Uncaught exception 'PDOException' with message 'SQLSTATE[42000]: Syntax error or access violation: 1064 You have an error in your SQL syntax; check the manual that corresponds to your MySQL server version for the right syntax to use near '' at line 1' in /home/ubuntu/workspace/cst336/labs/lab10/api/getPetInfo.php:8
Stack trace:
#0 /home/ubuntu/workspace/cst336/labs/lab10/api/getPetInfo.php(8): PDOStatement->execute()
#1 {main}
  thrown in /home/ubuntu/workspace/cst336/labs/lab10/api/getPetInfo.php on line 8
[03-Dec-2018 23:29:47 UTC] PHP Fatal error:  Uncaught exception 'PDOException' with message 'SQLSTATE[42000]: Syntax error or access violation: 1064 You have an error in your SQL syntax; check the manual that corresponds to your MySQL server version for the right syntax to use near '' at line 1' in /home/ubuntu/workspace/cst336/labs/lab10/api/getPetInfo.php:7
Stack trace:
#0 /home/ubuntu/workspace/cst336/labs/lab10/api/getPetInfo.php(7): PDOStatement->execute()
#1 {main}
  thrown in /home/ubuntu/workspace/cst336/labs/lab10/api/getPetInfo.php on line 7
[03-Dec-2018 23:30:29 UTC] PHP Fatal error:  Uncaught exception 'PDOException' with message 'SQLSTATE[42000]: Syntax error or access violation: 1064 You have an error in your SQL syntax; check the manual that corresponds to your MySQL server version for the right syntax to use near '' at line 1' in /home/ubuntu/workspace/cst336/labs/lab10/api/getPetInfo.php:7
Stack trace:
#0 /home/ubuntu/workspace/cst336/labs/lab10/api/getPetInfo.php(7): PDOStatement->execute()
#1 {main}
  thrown in /home/ubuntu/workspace/cst336/labs/lab10/api/getPetInfo.php on line 7
[03-Dec-2018 23:33:29 UTC] PHP Fatal error:  Uncaught exception 'PDOException' with message 'SQLSTATE[42000]: Syntax error or access violation: 1064 You have an error in your SQL syntax; check the manual that corresponds to your MySQL server version for the right syntax to use near '' at line 1' in /home/ubuntu/workspace/cst336/labs/lab10/api/getPetInfo.php:7
Stack trace:
#0 /home/ubuntu/workspace/cst336/labs/lab10/api/getPetInfo.php(7): PDOStatement->execute()
#1 {main}
  thrown in /home/ubuntu/workspace/cst336/labs/lab10/api/getPetInfo.php on line 7
[03-Dec-2018 23:33:58 UTC] PHP Fatal error:  Uncaught exception 'PDOException' with message 'SQLSTATE[42000]: Syntax error or access violation: 1064 You have an error in your SQL syntax; check the manual that corresponds to your MySQL server version for the right syntax to use near '' at line 1' in /home/ubuntu/workspace/cst336/labs/lab10/api/getPetInfo.php:7
Stack trace:
#0 /home/ubuntu/workspace/cst336/labs/lab10/api/getPetInfo.php(7): PDOStatement->execute()
#1 {main}
  thrown in /home/ubuntu/workspace/cst336/labs/lab10/api/getPetInfo.php on line 7
[03-Dec-2018 23:38:08 UTC] PHP Fatal error:  Uncaught exception 'PDOException' with message 'SQLSTATE[42000]: Syntax error or access violation: 1064 You have an error in your SQL syntax; check the manual that corresponds to your MySQL server version for the right syntax to use near 'FROM pets 
            WHERE id=' at line 1' in /home/ubuntu/workspace/cst336/labs/lab10/api/getPetInfo.php:11
Stack trace:
#0 /home/ubuntu/workspace/cst336/labs/lab10/api/getPetInfo.php(11): PDOStatement->execute()
#1 {main}
  thrown in /home/ubuntu/workspace/cst336/labs/lab10/api/getPetInfo.php on line 11
[03-Dec-2018 23:38:23 UTC] PHP Warning:  PDOStatement::execute() expects parameter 1 to be array, string given in /home/ubuntu/workspace/cst336/labs/lab10/api/getPetInfo.php on line 11
[03-Dec-2018 23:38:23 UTC] PHP Stack trace:
[03-Dec-2018 23:38:23 UTC] PHP   1. {main}() /home/ubuntu/workspace/cst336/labs/lab10/api/getPetInfo.php:0
[03-Dec-2018 23:38:23 UTC] PHP   2. PDOStatement->execute() /home/ubuntu/workspace/cst336/labs/lab10/api/getPetInfo.php:11
[03-Dec-2018 23:40:13 UTC] PHP Fatal error:  Uncaught exception 'PDOException' with message 'SQLSTATE[42000]: Syntax error or access violation: 1064 You have an error in your SQL syntax; check the manual that corresponds to your MySQL server version for the right syntax to use near '' at line 1' in /home/ubuntu/workspace/cst336/labs/lab10/api/getPetInfo.php:8
Stack trace:
#0 /home/ubuntu/workspace/cst336/labs/lab10/api/getPetInfo.php(8): PDOStatement->execute()
#1 {main}
  thrown in /home/ubuntu/workspace/cst336/labs/lab10/api/getPetInfo.php on line 8
[06-Dec-2018 18:50:50 UTC] PHP Fatal error:  Uncaught exception 'PDOException' with message 'SQLSTATE[42000]: Syntax error or access violation: 1064 You have an error in your SQL syntax; check the manual that corresponds to your MySQL server version for the right syntax to use near '' at line 1' in /home/ubuntu/workspace/cst336/labs/lab10/api/getPetInfo.php:8
Stack trace:
#0 /home/ubuntu/workspace/cst336/labs/lab10/api/getPetInfo.php(8): PDOStatement->execute()
#1 {main}
  thrown in /home/ubuntu/workspace/cst336/labs/lab10/api/getPetInfo.php on line 8
